<?xml version="1.0" encoding="UTF-8"?>
<TestRun id="dfdf24f4-a1a9-48c4-afc0-156486cd675c" name="Steven@2TAFFY 2012-02-01 18:43:27" runUser="2taffy\Steven" xmlns="http://microsoft.com/schemas/VisualStudio/TeamTest/2010">
  <TestSettings name="Local" id="ae084972-7a48-49a6-9636-c426b007afee">
    <Description>These are default test settings for a local test run.</Description>
    <Deployment enabled="false" runDeploymentRoot="Steven_2TAFFY 2012-02-01 18_43_27">
      <DeploymentItem filename="c:\users\steven\documents\visual studio 2010\Projects\Vernam_Cipher\Vernam_Cipher\bin\Debug\Vernam_Cipher.dll" />
    </Deployment>
    <Execution>
      <TestTypeSpecific />
      <AgentRule name="Execution Agents">
      </AgentRule>
    </Execution>
  </TestSettings>
  <Times creation="2012-02-01T18:43:27.1539532-05:00" queuing="2012-02-01T18:43:29.7984844-05:00" start="2012-02-01T18:43:30.2545391-05:00" finish="2012-02-01T18:43:42.1070782-05:00" />
  <ResultSummary outcome="Error">
    <Counters total="3" executed="3" passed="2" error="0" failed="0" timeout="0" aborted="1" inconclusive="0" passedButRunAborted="0" notRunnable="0" notExecuted="0" disconnected="0" warning="0" completed="0" inProgress="0" pending="0" />
    <RunInfos>
      <RunInfo computerName="2TAFFY" outcome="Warning" timestamp="2012-02-01T18:43:27.2457500-05:00">
        <Text>Deployment is currently disabled. The deployment item 'Vernam_Cipher.dll' on test 'Test.Vernam_Cipher.VernamKeyTest.ToBytesTest' was not deployed.</Text>
      </RunInfo>
      <RunInfo computerName="2TAFFY" outcome="Error" timestamp="2012-02-01T18:43:42.0934063-05:00">
        <Text>Test host process exited unexpectedly.</Text>
      </RunInfo>
    </RunInfos>
  </ResultSummary>
  <TestDefinitions>
    <UnitTest name="ToBytesTest" storage="c:\users\steven\documents\visual studio 2010\projects\vernam_cipher\test.vernam_cipher\bin\debug\test.vernam_cipher.dll" id="8f73353e-be56-fdb3-5835-1066809eb278">
      <DeploymentItems>
        <DeploymentItem filename="Vernam_Cipher.dll" />
      </DeploymentItems>
      <Execution id="0c980089-24f4-4e0d-9849-348d5734ea98" />
      <TestMethod codeBase="c:/users/steven/documents/visual studio 2010/Projects/Vernam_Cipher/Test.Vernam_Cipher/bin/Debug/Test.Vernam_Cipher.DLL" adapterTypeName="Microsoft.VisualStudio.TestTools.TestTypes.Unit.UnitTestAdapter, Microsoft.VisualStudio.QualityTools.Tips.UnitTest.Adapter, Version=10.0.0.0, Culture=neutral, PublicKeyToken=b03f5f7f11d50a3a" className="Test.Vernam_Cipher.VernamKeyTest, Test.Vernam_Cipher, Version=1.0.0.0, Culture=neutral, PublicKeyToken=null" name="ToBytesTest" />
    </UnitTest>
    <UnitTest name="buildKeyTest" storage="c:\users\steven\documents\visual studio 2010\projects\vernam_cipher\test.vernam_cipher\bin\debug\test.vernam_cipher.dll" id="a0c57336-8487-8e25-3bed-af427e1cb3c8">
      <DeploymentItems>
        <DeploymentItem filename="Vernam_Cipher.dll" />
      </DeploymentItems>
      <Execution id="aefdc3da-bd34-45e7-9024-b6b11eefc775" />
      <TestMethod codeBase="c:/users/steven/documents/visual studio 2010/Projects/Vernam_Cipher/Test.Vernam_Cipher/bin/Debug/Test.Vernam_Cipher.DLL" adapterTypeName="Microsoft.VisualStudio.TestTools.TestTypes.Unit.UnitTestAdapter, Microsoft.VisualStudio.QualityTools.Tips.UnitTest.Adapter, Version=10.0.0.0, Culture=neutral, PublicKeyToken=b03f5f7f11d50a3a" className="Test.Vernam_Cipher.VernamKeyTest, Test.Vernam_Cipher, Version=1.0.0.0, Culture=neutral, PublicKeyToken=null" name="buildKeyTest" />
    </UnitTest>
    <UnitTest name="BytesToStringTest" storage="c:\users\steven\documents\visual studio 2010\projects\vernam_cipher\test.vernam_cipher\bin\debug\test.vernam_cipher.dll" id="5f10a8c8-3a26-674b-9ca5-e03f31b9c3bf">
      <DeploymentItems>
        <DeploymentItem filename="Vernam_Cipher.dll" />
      </DeploymentItems>
      <Execution id="b77c26a3-6b01-4fb0-8a1c-2d3ac93a09ea" />
      <TestMethod codeBase="c:/users/steven/documents/visual studio 2010/Projects/Vernam_Cipher/Test.Vernam_Cipher/bin/Debug/Test.Vernam_Cipher.DLL" adapterTypeName="Microsoft.VisualStudio.TestTools.TestTypes.Unit.UnitTestAdapter, Microsoft.VisualStudio.QualityTools.Tips.UnitTest.Adapter, Version=10.0.0.0, Culture=neutral, PublicKeyToken=b03f5f7f11d50a3a" className="Test.Vernam_Cipher.VernamKeyTest, Test.Vernam_Cipher, Version=1.0.0.0, Culture=neutral, PublicKeyToken=null" name="BytesToStringTest" />
    </UnitTest>
  </TestDefinitions>
  <TestLists>
    <TestList name="Results Not in a List" id="8c84fa94-04c1-424b-9868-57a2d4851a1d" />
    <TestList name="All Loaded Results" id="19431567-8539-422a-85d7-44ee4e166bda" />
  </TestLists>
  <TestEntries>
    <TestEntry testId="5f10a8c8-3a26-674b-9ca5-e03f31b9c3bf" executionId="b77c26a3-6b01-4fb0-8a1c-2d3ac93a09ea" testListId="8c84fa94-04c1-424b-9868-57a2d4851a1d" />
    <TestEntry testId="8f73353e-be56-fdb3-5835-1066809eb278" executionId="0c980089-24f4-4e0d-9849-348d5734ea98" testListId="8c84fa94-04c1-424b-9868-57a2d4851a1d" />
    <TestEntry testId="a0c57336-8487-8e25-3bed-af427e1cb3c8" executionId="aefdc3da-bd34-45e7-9024-b6b11eefc775" testListId="8c84fa94-04c1-424b-9868-57a2d4851a1d" />
  </TestEntries>
  <Results>
    <UnitTestResult executionId="b77c26a3-6b01-4fb0-8a1c-2d3ac93a09ea" testId="5f10a8c8-3a26-674b-9ca5-e03f31b9c3bf" testName="BytesToStringTest" computerName="2TAFFY" duration="00:00:00.2144323" startTime="2012-02-01T18:43:30.7437969-05:00" endTime="2012-02-01T18:43:34.0904766-05:00" testType="13cdc9d9-ddb5-4fa4-a97d-d965ccfc6d4b" outcome="Passed" testListId="8c84fa94-04c1-424b-9868-57a2d4851a1d" relativeResultsDirectory="b77c26a3-6b01-4fb0-8a1c-2d3ac93a09ea">
    </UnitTestResult>
    <UnitTestResult executionId="0c980089-24f4-4e0d-9849-348d5734ea98" testId="8f73353e-be56-fdb3-5835-1066809eb278" testName="ToBytesTest" computerName="2TAFFY" duration="00:00:00.0040690" startTime="2012-02-01T18:43:34.1344219-05:00" endTime="2012-02-01T18:43:34.1568828-05:00" testType="13cdc9d9-ddb5-4fa4-a97d-d965ccfc6d4b" outcome="Passed" testListId="8c84fa94-04c1-424b-9868-57a2d4851a1d" relativeResultsDirectory="0c980089-24f4-4e0d-9849-348d5734ea98">
    </UnitTestResult>
    <UnitTestResult executionId="aefdc3da-bd34-45e7-9024-b6b11eefc775" testId="a0c57336-8487-8e25-3bed-af427e1cb3c8" testName="buildKeyTest" computerName="2TAFFY" duration="00:00:07.9160157" startTime="2012-02-01T18:43:34.1910625-05:00" endTime="2012-02-01T18:43:42.1070782-05:00" testType="13cdc9d9-ddb5-4fa4-a97d-d965ccfc6d4b" outcome="Aborted" testListId="8c84fa94-04c1-424b-9868-57a2d4851a1d" relativeResultsDirectory="aefdc3da-bd34-45e7-9024-b6b11eefc775">
    </UnitTestResult>
  </Results>
</TestRun>