<?xml version="1.0" encoding="UTF-8"?>
<TestRun id="a9bf8636-82be-4fb2-86d8-3857e374368c" name="Steven@2TAFFY 2012-02-02 19:08:06" runUser="2taffy\Steven" xmlns="http://microsoft.com/schemas/VisualStudio/TeamTest/2010">
  <TestSettings name="Local" id="ae084972-7a48-49a6-9636-c426b007afee">
    <Description>These are default test settings for a local test run.</Description>
    <Deployment enabled="false" runDeploymentRoot="Steven_2TAFFY 2012-02-02 19_08_06">
      <DeploymentItem filename="c:\users\steven\documents\visual studio 2010\Projects\Vernam_Cipher\Vernam_Cipher\bin\Debug\Vernam_Cipher.dll" />
    </Deployment>
    <Execution>
      <TestTypeSpecific />
      <AgentRule name="Execution Agents">
      </AgentRule>
    </Execution>
  </TestSettings>
  <Times creation="2012-02-02T19:08:06.7799297-05:00" queuing="2012-02-02T19:08:08.4078594-05:00" start="2012-02-02T19:08:08.5650860-05:00" finish="2012-02-02T19:08:10.5631328-05:00" />
  <ResultSummary outcome="Completed">
    <Counters total="6" executed="6" passed="6" error="0" failed="0" timeout="0" aborted="0" inconclusive="0" passedButRunAborted="0" notRunnable="0" notExecuted="0" disconnected="0" warning="0" completed="0" inProgress="0" pending="0" />
  </ResultSummary>
  <TestDefinitions>
    <UnitTest name="encryptTest" storage="c:\users\steven\documents\visual studio 2010\projects\vernam_cipher\test.vernam_cipher\bin\debug\test.vernam_cipher.dll" id="27dd4a91-c6e6-546a-5514-4e97bbfb7d42">
      <Execution id="1050c7da-d445-4870-a780-9255be3768b3" />
      <TestMethod codeBase="C:/Users/Steven/Documents/Visual Studio 2010/Projects/Vernam_Cipher/Test.Vernam_Cipher/bin/Debug/Test.Vernam_Cipher.DLL" adapterTypeName="Microsoft.VisualStudio.TestTools.TestTypes.Unit.UnitTestAdapter, Microsoft.VisualStudio.QualityTools.Tips.UnitTest.Adapter, Version=10.0.0.0, Culture=neutral, PublicKeyToken=b03f5f7f11d50a3a" className="Test.Vernam_Cipher.VernamKeyTest, Test.Vernam_Cipher, Version=1.0.0.0, Culture=neutral, PublicKeyToken=null" name="encryptTest" />
    </UnitTest>
    <UnitTest name="BytesToStringTest" storage="c:\users\steven\documents\visual studio 2010\projects\vernam_cipher\test.vernam_cipher\bin\debug\test.vernam_cipher.dll" id="24ced0ee-2afc-d307-c904-09722f463065">
      <DeploymentItems>
        <DeploymentItem filename="Vernam_Cipher.dll" />
      </DeploymentItems>
      <Execution id="afda9f71-7d9b-4083-a8d3-91f5299f20d8" />
      <TestMethod codeBase="C:/Users/Steven/Documents/Visual Studio 2010/Projects/Vernam_Cipher/Test.Vernam_Cipher/bin/Debug/Test.Vernam_Cipher.DLL" adapterTypeName="Microsoft.VisualStudio.TestTools.TestTypes.Unit.UnitTestAdapter, Microsoft.VisualStudio.QualityTools.Tips.UnitTest.Adapter, Version=10.0.0.0, Culture=neutral, PublicKeyToken=b03f5f7f11d50a3a" className="Test.Vernam_Cipher.ByteToolsTest, Test.Vernam_Cipher, Version=1.0.0.0, Culture=neutral, PublicKeyToken=null" name="BytesToStringTest" />
    </UnitTest>
    <UnitTest name="decodeTest" storage="c:\users\steven\documents\visual studio 2010\projects\vernam_cipher\test.vernam_cipher\bin\debug\test.vernam_cipher.dll" id="f38b1980-3bec-814d-ac85-043564dbf42d">
      <Execution id="d2513b02-e4e2-411e-86e9-0997d11f36ed" />
      <TestMethod codeBase="C:/Users/Steven/Documents/Visual Studio 2010/Projects/Vernam_Cipher/Test.Vernam_Cipher/bin/Debug/Test.Vernam_Cipher.DLL" adapterTypeName="Microsoft.VisualStudio.TestTools.TestTypes.Unit.UnitTestAdapter, Microsoft.VisualStudio.QualityTools.Tips.UnitTest.Adapter, Version=10.0.0.0, Culture=neutral, PublicKeyToken=b03f5f7f11d50a3a" className="Test.Vernam_Cipher.VernamKeyTest, Test.Vernam_Cipher, Version=1.0.0.0, Culture=neutral, PublicKeyToken=null" name="decodeTest" />
    </UnitTest>
    <UnitTest name="XOR_byteArrayTest" storage="c:\users\steven\documents\visual studio 2010\projects\vernam_cipher\test.vernam_cipher\bin\debug\test.vernam_cipher.dll" id="e0494364-7c7e-611b-b166-7a5f9068d1cc">
      <DeploymentItems>
        <DeploymentItem filename="Vernam_Cipher.dll" />
      </DeploymentItems>
      <Execution id="6a289618-5083-4160-b074-6ebd4ff9feb5" />
      <TestMethod codeBase="C:/Users/Steven/Documents/Visual Studio 2010/Projects/Vernam_Cipher/Test.Vernam_Cipher/bin/Debug/Test.Vernam_Cipher.DLL" adapterTypeName="Microsoft.VisualStudio.TestTools.TestTypes.Unit.UnitTestAdapter, Microsoft.VisualStudio.QualityTools.Tips.UnitTest.Adapter, Version=10.0.0.0, Culture=neutral, PublicKeyToken=b03f5f7f11d50a3a" className="Test.Vernam_Cipher.ByteToolsTest, Test.Vernam_Cipher, Version=1.0.0.0, Culture=neutral, PublicKeyToken=null" name="XOR_byteArrayTest" />
    </UnitTest>
    <UnitTest name="buildKeyTest" storage="c:\users\steven\documents\visual studio 2010\projects\vernam_cipher\test.vernam_cipher\bin\debug\test.vernam_cipher.dll" id="a0c57336-8487-8e25-3bed-af427e1cb3c8">
      <DeploymentItems>
        <DeploymentItem filename="Vernam_Cipher.dll" />
      </DeploymentItems>
      <Execution id="1b0d953b-151b-46f0-8439-3ba0ef2f8221" />
      <TestMethod codeBase="C:/Users/Steven/Documents/Visual Studio 2010/Projects/Vernam_Cipher/Test.Vernam_Cipher/bin/Debug/Test.Vernam_Cipher.DLL" adapterTypeName="Microsoft.VisualStudio.TestTools.TestTypes.Unit.UnitTestAdapter, Microsoft.VisualStudio.QualityTools.Tips.UnitTest.Adapter, Version=10.0.0.0, Culture=neutral, PublicKeyToken=b03f5f7f11d50a3a" className="Test.Vernam_Cipher.VernamKeyTest, Test.Vernam_Cipher, Version=1.0.0.0, Culture=neutral, PublicKeyToken=null" name="buildKeyTest" />
    </UnitTest>
    <UnitTest name="StringToBytesTest" storage="c:\users\steven\documents\visual studio 2010\projects\vernam_cipher\test.vernam_cipher\bin\debug\test.vernam_cipher.dll" id="4ec9b746-38ca-5ecc-771f-e11dcf5b04b8">
      <DeploymentItems>
        <DeploymentItem filename="Vernam_Cipher.dll" />
      </DeploymentItems>
      <Execution id="7343bb98-5b38-41fb-ac1a-901c1eea5135" />
      <TestMethod codeBase="C:/Users/Steven/Documents/Visual Studio 2010/Projects/Vernam_Cipher/Test.Vernam_Cipher/bin/Debug/Test.Vernam_Cipher.DLL" adapterTypeName="Microsoft.VisualStudio.TestTools.TestTypes.Unit.UnitTestAdapter, Microsoft.VisualStudio.QualityTools.Tips.UnitTest.Adapter, Version=10.0.0.0, Culture=neutral, PublicKeyToken=b03f5f7f11d50a3a" className="Test.Vernam_Cipher.ByteToolsTest, Test.Vernam_Cipher, Version=1.0.0.0, Culture=neutral, PublicKeyToken=null" name="StringToBytesTest" />
    </UnitTest>
  </TestDefinitions>
  <TestLists>
    <TestList name="Results Not in a List" id="8c84fa94-04c1-424b-9868-57a2d4851a1d" />
    <TestList name="All Loaded Results" id="19431567-8539-422a-85d7-44ee4e166bda" />
  </TestLists>
  <TestEntries>
    <TestEntry testId="24ced0ee-2afc-d307-c904-09722f463065" executionId="afda9f71-7d9b-4083-a8d3-91f5299f20d8" testListId="8c84fa94-04c1-424b-9868-57a2d4851a1d" />
    <TestEntry testId="27dd4a91-c6e6-546a-5514-4e97bbfb7d42" executionId="1050c7da-d445-4870-a780-9255be3768b3" testListId="8c84fa94-04c1-424b-9868-57a2d4851a1d" />
    <TestEntry testId="4ec9b746-38ca-5ecc-771f-e11dcf5b04b8" executionId="7343bb98-5b38-41fb-ac1a-901c1eea5135" testListId="8c84fa94-04c1-424b-9868-57a2d4851a1d" />
    <TestEntry testId="a0c57336-8487-8e25-3bed-af427e1cb3c8" executionId="1b0d953b-151b-46f0-8439-3ba0ef2f8221" testListId="8c84fa94-04c1-424b-9868-57a2d4851a1d" />
    <TestEntry testId="e0494364-7c7e-611b-b166-7a5f9068d1cc" executionId="6a289618-5083-4160-b074-6ebd4ff9feb5" testListId="8c84fa94-04c1-424b-9868-57a2d4851a1d" />
    <TestEntry testId="f38b1980-3bec-814d-ac85-043564dbf42d" executionId="d2513b02-e4e2-411e-86e9-0997d11f36ed" testListId="8c84fa94-04c1-424b-9868-57a2d4851a1d" />
  </TestEntries>
  <Results>
    <UnitTestResult executionId="afda9f71-7d9b-4083-a8d3-91f5299f20d8" testId="24ced0ee-2afc-d307-c904-09722f463065" testName="BytesToStringTest" computerName="2TAFFY" duration="00:00:00.0620057" startTime="2012-02-02T19:08:08.7232891-05:00" endTime="2012-02-02T19:08:09.9518047-05:00" testType="13cdc9d9-ddb5-4fa4-a97d-d965ccfc6d4b" outcome="Passed" testListId="8c84fa94-04c1-424b-9868-57a2d4851a1d" relativeResultsDirectory="afda9f71-7d9b-4083-a8d3-91f5299f20d8">
    </UnitTestResult>
    <UnitTestResult executionId="1050c7da-d445-4870-a780-9255be3768b3" testId="27dd4a91-c6e6-546a-5514-4e97bbfb7d42" testName="encryptTest" computerName="2TAFFY" duration="00:00:00.0042781" startTime="2012-02-02T19:08:09.9947735-05:00" endTime="2012-02-02T19:08:10.0816875-05:00" testType="13cdc9d9-ddb5-4fa4-a97d-d965ccfc6d4b" outcome="Passed" testListId="8c84fa94-04c1-424b-9868-57a2d4851a1d" relativeResultsDirectory="1050c7da-d445-4870-a780-9255be3768b3">
    </UnitTestResult>
    <UnitTestResult executionId="7343bb98-5b38-41fb-ac1a-901c1eea5135" testId="4ec9b746-38ca-5ecc-771f-e11dcf5b04b8" testName="StringToBytesTest" computerName="2TAFFY" duration="00:00:00.0055833" startTime="2012-02-02T19:08:10.2115703-05:00" endTime="2012-02-02T19:08:10.2535625-05:00" testType="13cdc9d9-ddb5-4fa4-a97d-d965ccfc6d4b" outcome="Passed" testListId="8c84fa94-04c1-424b-9868-57a2d4851a1d" relativeResultsDirectory="7343bb98-5b38-41fb-ac1a-901c1eea5135">
    </UnitTestResult>
    <UnitTestResult executionId="1b0d953b-151b-46f0-8439-3ba0ef2f8221" testId="a0c57336-8487-8e25-3bed-af427e1cb3c8" testName="buildKeyTest" computerName="2TAFFY" duration="00:00:00.0027463" startTime="2012-02-02T19:08:10.2975078-05:00" endTime="2012-02-02T19:08:10.3141094-05:00" testType="13cdc9d9-ddb5-4fa4-a97d-d965ccfc6d4b" outcome="Passed" testListId="8c84fa94-04c1-424b-9868-57a2d4851a1d" relativeResultsDirectory="1b0d953b-151b-46f0-8439-3ba0ef2f8221">
    </UnitTestResult>
    <UnitTestResult executionId="6a289618-5083-4160-b074-6ebd4ff9feb5" testId="e0494364-7c7e-611b-b166-7a5f9068d1cc" testName="XOR_byteArrayTest" computerName="2TAFFY" duration="00:00:00.0013157" startTime="2012-02-02T19:08:10.3473125-05:00" endTime="2012-02-02T19:08:10.3639141-05:00" testType="13cdc9d9-ddb5-4fa4-a97d-d965ccfc6d4b" outcome="Passed" testListId="8c84fa94-04c1-424b-9868-57a2d4851a1d" relativeResultsDirectory="6a289618-5083-4160-b074-6ebd4ff9feb5">
    </UnitTestResult>
    <UnitTestResult executionId="d2513b02-e4e2-411e-86e9-0997d11f36ed" testId="f38b1980-3bec-814d-ac85-043564dbf42d" testName="decodeTest" computerName="2TAFFY" duration="00:00:00.0007268" startTime="2012-02-02T19:08:10.3824688-05:00" endTime="2012-02-02T19:08:10.3951641-05:00" testType="13cdc9d9-ddb5-4fa4-a97d-d965ccfc6d4b" outcome="Passed" testListId="8c84fa94-04c1-424b-9868-57a2d4851a1d" relativeResultsDirectory="d2513b02-e4e2-411e-86e9-0997d11f36ed">
    </UnitTestResult>
  </Results>
</TestRun>