<?xml version="1.0" encoding="UTF-8"?>
<TestRun id="d8091f3a-866c-4919-800a-a2ca25c143fd" name="Steven@2TAFFY 2012-02-01 18:32:29" runUser="2taffy\Steven" xmlns="http://microsoft.com/schemas/VisualStudio/TeamTest/2010">
  <TestSettings name="Local" id="ae084972-7a48-49a6-9636-c426b007afee">
    <Description>These are default test settings for a local test run.</Description>
    <Deployment enabled="false" runDeploymentRoot="Steven_2TAFFY 2012-02-01 18_32_29">
      <DeploymentItem filename="c:\users\steven\documents\visual studio 2010\Projects\Vernam_Cipher\Vernam_Cipher\bin\Debug\Vernam_Cipher.dll" />
    </Deployment>
    <Execution>
      <TestTypeSpecific />
      <AgentRule name="Execution Agents">
      </AgentRule>
    </Execution>
  </TestSettings>
  <Times creation="2012-02-01T18:32:29.0279766-05:00" queuing="2012-02-01T18:32:31.6978985-05:00" start="2012-02-01T18:32:31.8619610-05:00" finish="2012-02-01T18:32:34.5484844-05:00" />
  <ResultSummary outcome="Warning">
    <Counters total="2" executed="2" passed="2" error="0" failed="0" timeout="0" aborted="0" inconclusive="0" passedButRunAborted="0" notRunnable="0" notExecuted="0" disconnected="0" warning="0" completed="0" inProgress="0" pending="0" />
    <RunInfos>
      <RunInfo computerName="2TAFFY" outcome="Warning" timestamp="2012-02-01T18:32:29.1900860-05:00">
        <Text>Deployment is currently disabled. The deployment item 'Vernam_Cipher.dll' on test 'Test.Vernam_Cipher.VernamKeyTest.BytesToStringTest' was not deployed.</Text>
      </RunInfo>
    </RunInfos>
  </ResultSummary>
  <TestDefinitions>
    <UnitTest name="BytesToStringTest" storage="c:\users\steven\documents\visual studio 2010\projects\vernam_cipher\test.vernam_cipher\bin\debug\test.vernam_cipher.dll" id="5f10a8c8-3a26-674b-9ca5-e03f31b9c3bf">
      <DeploymentItems>
        <DeploymentItem filename="Vernam_Cipher.dll" />
      </DeploymentItems>
      <Execution id="f3d12e5e-75c3-4147-8dda-64c199adae81" />
      <TestMethod codeBase="c:/users/steven/documents/visual studio 2010/Projects/Vernam_Cipher/Test.Vernam_Cipher/bin/Debug/Test.Vernam_Cipher.DLL" adapterTypeName="Microsoft.VisualStudio.TestTools.TestTypes.Unit.UnitTestAdapter, Microsoft.VisualStudio.QualityTools.Tips.UnitTest.Adapter, Version=10.0.0.0, Culture=neutral, PublicKeyToken=b03f5f7f11d50a3a" className="Test.Vernam_Cipher.VernamKeyTest, Test.Vernam_Cipher, Version=1.0.0.0, Culture=neutral, PublicKeyToken=null" name="BytesToStringTest" />
    </UnitTest>
    <UnitTest name="ToBytesTest" storage="c:\users\steven\documents\visual studio 2010\projects\vernam_cipher\test.vernam_cipher\bin\debug\test.vernam_cipher.dll" id="8f73353e-be56-fdb3-5835-1066809eb278">
      <DeploymentItems>
        <DeploymentItem filename="Vernam_Cipher.dll" />
      </DeploymentItems>
      <Execution id="1dc4e61d-a90b-4920-888b-a1f54ef53021" />
      <TestMethod codeBase="c:/users/steven/documents/visual studio 2010/Projects/Vernam_Cipher/Test.Vernam_Cipher/bin/Debug/Test.Vernam_Cipher.DLL" adapterTypeName="Microsoft.VisualStudio.TestTools.TestTypes.Unit.UnitTestAdapter, Microsoft.VisualStudio.QualityTools.Tips.UnitTest.Adapter, Version=10.0.0.0, Culture=neutral, PublicKeyToken=b03f5f7f11d50a3a" className="Test.Vernam_Cipher.VernamKeyTest, Test.Vernam_Cipher, Version=1.0.0.0, Culture=neutral, PublicKeyToken=null" name="ToBytesTest" />
    </UnitTest>
  </TestDefinitions>
  <TestLists>
    <TestList name="Results Not in a List" id="8c84fa94-04c1-424b-9868-57a2d4851a1d" />
    <TestList name="All Loaded Results" id="19431567-8539-422a-85d7-44ee4e166bda" />
  </TestLists>
  <TestEntries>
    <TestEntry testId="5f10a8c8-3a26-674b-9ca5-e03f31b9c3bf" executionId="f3d12e5e-75c3-4147-8dda-64c199adae81" testListId="8c84fa94-04c1-424b-9868-57a2d4851a1d" />
    <TestEntry testId="8f73353e-be56-fdb3-5835-1066809eb278" executionId="1dc4e61d-a90b-4920-888b-a1f54ef53021" testListId="8c84fa94-04c1-424b-9868-57a2d4851a1d" />
  </TestEntries>
  <Results>
    <UnitTestResult executionId="f3d12e5e-75c3-4147-8dda-64c199adae81" testId="5f10a8c8-3a26-674b-9ca5-e03f31b9c3bf" testName="BytesToStringTest" computerName="2TAFFY" duration="00:00:00.5634606" startTime="2012-02-01T18:32:32.0016094-05:00" endTime="2012-02-01T18:32:34.1070782-05:00" testType="13cdc9d9-ddb5-4fa4-a97d-d965ccfc6d4b" outcome="Passed" testListId="8c84fa94-04c1-424b-9868-57a2d4851a1d" relativeResultsDirectory="f3d12e5e-75c3-4147-8dda-64c199adae81">
    </UnitTestResult>
    <UnitTestResult executionId="1dc4e61d-a90b-4920-888b-a1f54ef53021" testId="8f73353e-be56-fdb3-5835-1066809eb278" testName="ToBytesTest" computerName="2TAFFY" duration="00:00:00.0037586" startTime="2012-02-01T18:32:34.1812969-05:00" endTime="2012-02-01T18:32:34.2271953-05:00" testType="13cdc9d9-ddb5-4fa4-a97d-d965ccfc6d4b" outcome="Passed" testListId="8c84fa94-04c1-424b-9868-57a2d4851a1d" relativeResultsDirectory="1dc4e61d-a90b-4920-888b-a1f54ef53021">
    </UnitTestResult>
  </Results>
</TestRun>