<?xml version="1.0" encoding="UTF-8"?>
<TestRun id="4302cc76-1a04-4ce0-ac83-d42731a032cb" name="Steven@2TAFFY 2012-02-01 21:09:43" runUser="2taffy\Steven" xmlns="http://microsoft.com/schemas/VisualStudio/TeamTest/2010">
  <TestSettings name="Local" id="ae084972-7a48-49a6-9636-c426b007afee">
    <Description>These are default test settings for a local test run.</Description>
    <Deployment enabled="false" runDeploymentRoot="Steven_2TAFFY 2012-02-01 21_09_43">
      <DeploymentItem filename="c:\users\steven\documents\visual studio 2010\Projects\Vernam_Cipher\Vernam_Cipher\bin\Debug\Vernam_Cipher.dll" />
    </Deployment>
    <Execution>
      <TestTypeSpecific />
      <AgentRule name="Execution Agents">
      </AgentRule>
    </Execution>
  </TestSettings>
  <Times creation="2012-02-01T21:09:43.0992657-05:00" queuing="2012-02-01T21:09:45.1490703-05:00" start="2012-02-01T21:09:45.2936016-05:00" finish="2012-02-01T21:09:48.7721172-05:00" />
  <ResultSummary outcome="Completed">
    <Counters total="6" executed="6" passed="6" error="0" failed="0" timeout="0" aborted="0" inconclusive="0" passedButRunAborted="0" notRunnable="0" notExecuted="0" disconnected="0" warning="0" completed="0" inProgress="0" pending="0" />
  </ResultSummary>
  <TestDefinitions>
    <UnitTest name="encryptTest" storage="c:\users\steven\documents\visual studio 2010\projects\vernam_cipher\test.vernam_cipher\bin\debug\test.vernam_cipher.dll" id="27dd4a91-c6e6-546a-5514-4e97bbfb7d42">
      <Execution id="ecb22268-3a1a-4105-9ca3-7a1f72083657" />
      <TestMethod codeBase="c:/users/steven/documents/visual studio 2010/Projects/Vernam_Cipher/Test.Vernam_Cipher/bin/Debug/Test.Vernam_Cipher.DLL" adapterTypeName="Microsoft.VisualStudio.TestTools.TestTypes.Unit.UnitTestAdapter, Microsoft.VisualStudio.QualityTools.Tips.UnitTest.Adapter, Version=10.0.0.0, Culture=neutral, PublicKeyToken=b03f5f7f11d50a3a" className="Test.Vernam_Cipher.VernamKeyTest, Test.Vernam_Cipher, Version=1.0.0.0, Culture=neutral, PublicKeyToken=null" name="encryptTest" />
    </UnitTest>
    <UnitTest name="BytesToStringTest" storage="c:\users\steven\documents\visual studio 2010\projects\vernam_cipher\test.vernam_cipher\bin\debug\test.vernam_cipher.dll" id="24ced0ee-2afc-d307-c904-09722f463065">
      <DeploymentItems>
        <DeploymentItem filename="Vernam_Cipher.dll" />
      </DeploymentItems>
      <Execution id="e29f871b-a3ec-46f4-9ca7-bdde6ad3226a" />
      <TestMethod codeBase="c:/users/steven/documents/visual studio 2010/Projects/Vernam_Cipher/Test.Vernam_Cipher/bin/Debug/Test.Vernam_Cipher.DLL" adapterTypeName="Microsoft.VisualStudio.TestTools.TestTypes.Unit.UnitTestAdapter, Microsoft.VisualStudio.QualityTools.Tips.UnitTest.Adapter, Version=10.0.0.0, Culture=neutral, PublicKeyToken=b03f5f7f11d50a3a" className="Test.Vernam_Cipher.ByteToolsTest, Test.Vernam_Cipher, Version=1.0.0.0, Culture=neutral, PublicKeyToken=null" name="BytesToStringTest" />
    </UnitTest>
    <UnitTest name="decodeTest" storage="c:\users\steven\documents\visual studio 2010\projects\vernam_cipher\test.vernam_cipher\bin\debug\test.vernam_cipher.dll" id="f38b1980-3bec-814d-ac85-043564dbf42d">
      <Execution id="fad246b4-f125-44f5-ba80-2a27b6e1d5cc" />
      <TestMethod codeBase="c:/users/steven/documents/visual studio 2010/Projects/Vernam_Cipher/Test.Vernam_Cipher/bin/Debug/Test.Vernam_Cipher.DLL" adapterTypeName="Microsoft.VisualStudio.TestTools.TestTypes.Unit.UnitTestAdapter, Microsoft.VisualStudio.QualityTools.Tips.UnitTest.Adapter, Version=10.0.0.0, Culture=neutral, PublicKeyToken=b03f5f7f11d50a3a" className="Test.Vernam_Cipher.VernamKeyTest, Test.Vernam_Cipher, Version=1.0.0.0, Culture=neutral, PublicKeyToken=null" name="decodeTest" />
    </UnitTest>
    <UnitTest name="XOR_byteArrayTest" storage="c:\users\steven\documents\visual studio 2010\projects\vernam_cipher\test.vernam_cipher\bin\debug\test.vernam_cipher.dll" id="e0494364-7c7e-611b-b166-7a5f9068d1cc">
      <DeploymentItems>
        <DeploymentItem filename="Vernam_Cipher.dll" />
      </DeploymentItems>
      <Execution id="08b9245d-d73a-493f-9f86-53bec93f9712" />
      <TestMethod codeBase="c:/users/steven/documents/visual studio 2010/Projects/Vernam_Cipher/Test.Vernam_Cipher/bin/Debug/Test.Vernam_Cipher.DLL" adapterTypeName="Microsoft.VisualStudio.TestTools.TestTypes.Unit.UnitTestAdapter, Microsoft.VisualStudio.QualityTools.Tips.UnitTest.Adapter, Version=10.0.0.0, Culture=neutral, PublicKeyToken=b03f5f7f11d50a3a" className="Test.Vernam_Cipher.ByteToolsTest, Test.Vernam_Cipher, Version=1.0.0.0, Culture=neutral, PublicKeyToken=null" name="XOR_byteArrayTest" />
    </UnitTest>
    <UnitTest name="buildKeyTest" storage="c:\users\steven\documents\visual studio 2010\projects\vernam_cipher\test.vernam_cipher\bin\debug\test.vernam_cipher.dll" id="a0c57336-8487-8e25-3bed-af427e1cb3c8">
      <DeploymentItems>
        <DeploymentItem filename="Vernam_Cipher.dll" />
      </DeploymentItems>
      <Execution id="5856cbd6-056e-4711-8702-3fe601bfa91b" />
      <TestMethod codeBase="c:/users/steven/documents/visual studio 2010/Projects/Vernam_Cipher/Test.Vernam_Cipher/bin/Debug/Test.Vernam_Cipher.DLL" adapterTypeName="Microsoft.VisualStudio.TestTools.TestTypes.Unit.UnitTestAdapter, Microsoft.VisualStudio.QualityTools.Tips.UnitTest.Adapter, Version=10.0.0.0, Culture=neutral, PublicKeyToken=b03f5f7f11d50a3a" className="Test.Vernam_Cipher.VernamKeyTest, Test.Vernam_Cipher, Version=1.0.0.0, Culture=neutral, PublicKeyToken=null" name="buildKeyTest" />
    </UnitTest>
    <UnitTest name="StringToBytesTest" storage="c:\users\steven\documents\visual studio 2010\projects\vernam_cipher\test.vernam_cipher\bin\debug\test.vernam_cipher.dll" id="4ec9b746-38ca-5ecc-771f-e11dcf5b04b8">
      <DeploymentItems>
        <DeploymentItem filename="Vernam_Cipher.dll" />
      </DeploymentItems>
      <Execution id="0bf8954e-d725-4d95-b12d-0ff8b5e4acf1" />
      <TestMethod codeBase="c:/users/steven/documents/visual studio 2010/Projects/Vernam_Cipher/Test.Vernam_Cipher/bin/Debug/Test.Vernam_Cipher.DLL" adapterTypeName="Microsoft.VisualStudio.TestTools.TestTypes.Unit.UnitTestAdapter, Microsoft.VisualStudio.QualityTools.Tips.UnitTest.Adapter, Version=10.0.0.0, Culture=neutral, PublicKeyToken=b03f5f7f11d50a3a" className="Test.Vernam_Cipher.ByteToolsTest, Test.Vernam_Cipher, Version=1.0.0.0, Culture=neutral, PublicKeyToken=null" name="StringToBytesTest" />
    </UnitTest>
  </TestDefinitions>
  <TestLists>
    <TestList name="Results Not in a List" id="8c84fa94-04c1-424b-9868-57a2d4851a1d" />
    <TestList name="All Loaded Results" id="19431567-8539-422a-85d7-44ee4e166bda" />
  </TestLists>
  <TestEntries>
    <TestEntry testId="24ced0ee-2afc-d307-c904-09722f463065" executionId="e29f871b-a3ec-46f4-9ca7-bdde6ad3226a" testListId="8c84fa94-04c1-424b-9868-57a2d4851a1d" />
    <TestEntry testId="27dd4a91-c6e6-546a-5514-4e97bbfb7d42" executionId="ecb22268-3a1a-4105-9ca3-7a1f72083657" testListId="8c84fa94-04c1-424b-9868-57a2d4851a1d" />
    <TestEntry testId="4ec9b746-38ca-5ecc-771f-e11dcf5b04b8" executionId="0bf8954e-d725-4d95-b12d-0ff8b5e4acf1" testListId="8c84fa94-04c1-424b-9868-57a2d4851a1d" />
    <TestEntry testId="a0c57336-8487-8e25-3bed-af427e1cb3c8" executionId="5856cbd6-056e-4711-8702-3fe601bfa91b" testListId="8c84fa94-04c1-424b-9868-57a2d4851a1d" />
    <TestEntry testId="e0494364-7c7e-611b-b166-7a5f9068d1cc" executionId="08b9245d-d73a-493f-9f86-53bec93f9712" testListId="8c84fa94-04c1-424b-9868-57a2d4851a1d" />
    <TestEntry testId="f38b1980-3bec-814d-ac85-043564dbf42d" executionId="fad246b4-f125-44f5-ba80-2a27b6e1d5cc" testListId="8c84fa94-04c1-424b-9868-57a2d4851a1d" />
  </TestEntries>
  <Results>
    <UnitTestResult executionId="e29f871b-a3ec-46f4-9ca7-bdde6ad3226a" testId="24ced0ee-2afc-d307-c904-09722f463065" testName="BytesToStringTest" computerName="2TAFFY" duration="00:00:00.0761919" startTime="2012-02-01T21:09:46.1432110-05:00" endTime="2012-02-01T21:09:48.1012188-05:00" testType="13cdc9d9-ddb5-4fa4-a97d-d965ccfc6d4b" outcome="Passed" testListId="8c84fa94-04c1-424b-9868-57a2d4851a1d" relativeResultsDirectory="e29f871b-a3ec-46f4-9ca7-bdde6ad3226a">
    </UnitTestResult>
    <UnitTestResult executionId="ecb22268-3a1a-4105-9ca3-7a1f72083657" testId="27dd4a91-c6e6-546a-5514-4e97bbfb7d42" testName="encryptTest" computerName="2TAFFY" duration="00:00:00.0038259" startTime="2012-02-01T21:09:48.1900860-05:00" endTime="2012-02-01T21:09:48.2213360-05:00" testType="13cdc9d9-ddb5-4fa4-a97d-d965ccfc6d4b" outcome="Passed" testListId="8c84fa94-04c1-424b-9868-57a2d4851a1d" relativeResultsDirectory="ecb22268-3a1a-4105-9ca3-7a1f72083657">
    </UnitTestResult>
    <UnitTestResult executionId="0bf8954e-d725-4d95-b12d-0ff8b5e4acf1" testId="4ec9b746-38ca-5ecc-771f-e11dcf5b04b8" testName="StringToBytesTest" computerName="2TAFFY" duration="00:00:00.0045608" startTime="2012-02-01T21:09:48.2926250-05:00" endTime="2012-02-01T21:09:48.3355938-05:00" testType="13cdc9d9-ddb5-4fa4-a97d-d965ccfc6d4b" outcome="Passed" testListId="8c84fa94-04c1-424b-9868-57a2d4851a1d" relativeResultsDirectory="0bf8954e-d725-4d95-b12d-0ff8b5e4acf1">
    </UnitTestResult>
    <UnitTestResult executionId="5856cbd6-056e-4711-8702-3fe601bfa91b" testId="a0c57336-8487-8e25-3bed-af427e1cb3c8" testName="buildKeyTest" computerName="2TAFFY" duration="00:00:00.0027010" startTime="2012-02-01T21:09:48.3912578-05:00" endTime="2012-02-01T21:09:48.4068828-05:00" testType="13cdc9d9-ddb5-4fa4-a97d-d965ccfc6d4b" outcome="Passed" testListId="8c84fa94-04c1-424b-9868-57a2d4851a1d" relativeResultsDirectory="5856cbd6-056e-4711-8702-3fe601bfa91b">
    </UnitTestResult>
    <UnitTestResult executionId="08b9245d-d73a-493f-9f86-53bec93f9712" testId="e0494364-7c7e-611b-b166-7a5f9068d1cc" testName="XOR_byteArrayTest" computerName="2TAFFY" duration="00:00:00.0013128" startTime="2012-02-01T21:09:48.4439922-05:00" endTime="2012-02-01T21:09:48.4586407-05:00" testType="13cdc9d9-ddb5-4fa4-a97d-d965ccfc6d4b" outcome="Passed" testListId="8c84fa94-04c1-424b-9868-57a2d4851a1d" relativeResultsDirectory="08b9245d-d73a-493f-9f86-53bec93f9712">
    </UnitTestResult>
    <UnitTestResult executionId="fad246b4-f125-44f5-ba80-2a27b6e1d5cc" testId="f38b1980-3bec-814d-ac85-043564dbf42d" testName="decodeTest" computerName="2TAFFY" duration="00:00:00.0008247" startTime="2012-02-01T21:09:48.4869610-05:00" endTime="2012-02-01T21:09:48.5055157-05:00" testType="13cdc9d9-ddb5-4fa4-a97d-d965ccfc6d4b" outcome="Passed" testListId="8c84fa94-04c1-424b-9868-57a2d4851a1d" relativeResultsDirectory="fad246b4-f125-44f5-ba80-2a27b6e1d5cc">
    </UnitTestResult>
  </Results>
</TestRun>