<?xml version="1.0" encoding="UTF-8"?>
<TestRun id="42129bdf-403a-4562-96b2-b144c0aca63f" name="Steven@2TAFFY 2012-02-01 20:53:24" runUser="2taffy\Steven" xmlns="http://microsoft.com/schemas/VisualStudio/TeamTest/2010">
  <TestSettings name="Local" id="ae084972-7a48-49a6-9636-c426b007afee">
    <Description>These are default test settings for a local test run.</Description>
    <Deployment enabled="false" runDeploymentRoot="Steven_2TAFFY 2012-02-01 20_53_24">
      <DeploymentItem filename="c:\users\steven\documents\visual studio 2010\Projects\Vernam_Cipher\Vernam_Cipher\bin\Debug\Vernam_Cipher.dll" />
    </Deployment>
    <Execution>
      <TestTypeSpecific />
      <AgentRule name="Execution Agents">
      </AgentRule>
    </Execution>
  </TestSettings>
  <Times creation="2012-02-01T20:53:24.9723125-05:00" queuing="2012-02-01T20:53:28.8053203-05:00" start="2012-02-01T20:53:29.5445782-05:00" finish="2012-02-01T20:53:33.6832500-05:00" />
  <ResultSummary outcome="Warning">
    <Counters total="4" executed="4" passed="4" error="0" failed="0" timeout="0" aborted="0" inconclusive="0" passedButRunAborted="0" notRunnable="0" notExecuted="0" disconnected="0" warning="0" completed="0" inProgress="0" pending="0" />
    <RunInfos>
      <RunInfo computerName="2TAFFY" outcome="Warning" timestamp="2012-02-01T20:53:25.0836407-05:00">
        <Text>Deployment is currently disabled. The deployment item 'Vernam_Cipher.dll' on test 'Test.Vernam_Cipher.ByteToolsTest.XOR_byteArrayTest' was not deployed.</Text>
      </RunInfo>
    </RunInfos>
  </ResultSummary>
  <TestDefinitions>
    <UnitTest name="XOR_byteArrayTest" storage="c:\users\steven\documents\visual studio 2010\projects\vernam_cipher\test.vernam_cipher\bin\debug\test.vernam_cipher.dll" id="e0494364-7c7e-611b-b166-7a5f9068d1cc">
      <DeploymentItems>
        <DeploymentItem filename="Vernam_Cipher.dll" />
      </DeploymentItems>
      <Execution id="ab09fea1-1d4d-4504-89fb-7f2bdb8c482b" />
      <TestMethod codeBase="c:/users/steven/documents/visual studio 2010/Projects/Vernam_Cipher/Test.Vernam_Cipher/bin/Debug/Test.Vernam_Cipher.DLL" adapterTypeName="Microsoft.VisualStudio.TestTools.TestTypes.Unit.UnitTestAdapter, Microsoft.VisualStudio.QualityTools.Tips.UnitTest.Adapter, Version=10.0.0.0, Culture=neutral, PublicKeyToken=b03f5f7f11d50a3a" className="Test.Vernam_Cipher.ByteToolsTest, Test.Vernam_Cipher, Version=1.0.0.0, Culture=neutral, PublicKeyToken=null" name="XOR_byteArrayTest" />
    </UnitTest>
    <UnitTest name="StringToBytesTest" storage="c:\users\steven\documents\visual studio 2010\projects\vernam_cipher\test.vernam_cipher\bin\debug\test.vernam_cipher.dll" id="4ec9b746-38ca-5ecc-771f-e11dcf5b04b8">
      <DeploymentItems>
        <DeploymentItem filename="Vernam_Cipher.dll" />
      </DeploymentItems>
      <Execution id="fa860411-e7d2-45aa-835b-5ede0f343618" />
      <TestMethod codeBase="c:/users/steven/documents/visual studio 2010/Projects/Vernam_Cipher/Test.Vernam_Cipher/bin/Debug/Test.Vernam_Cipher.DLL" adapterTypeName="Microsoft.VisualStudio.TestTools.TestTypes.Unit.UnitTestAdapter, Microsoft.VisualStudio.QualityTools.Tips.UnitTest.Adapter, Version=10.0.0.0, Culture=neutral, PublicKeyToken=b03f5f7f11d50a3a" className="Test.Vernam_Cipher.ByteToolsTest, Test.Vernam_Cipher, Version=1.0.0.0, Culture=neutral, PublicKeyToken=null" name="StringToBytesTest" />
    </UnitTest>
    <UnitTest name="buildKeyTest" storage="c:\users\steven\documents\visual studio 2010\projects\vernam_cipher\test.vernam_cipher\bin\debug\test.vernam_cipher.dll" id="a0c57336-8487-8e25-3bed-af427e1cb3c8">
      <DeploymentItems>
        <DeploymentItem filename="Vernam_Cipher.dll" />
      </DeploymentItems>
      <Execution id="aca0fb6f-9bda-4a3c-a152-3652d6ef0a8a" />
      <TestMethod codeBase="c:/users/steven/documents/visual studio 2010/Projects/Vernam_Cipher/Test.Vernam_Cipher/bin/Debug/Test.Vernam_Cipher.DLL" adapterTypeName="Microsoft.VisualStudio.TestTools.TestTypes.Unit.UnitTestAdapter, Microsoft.VisualStudio.QualityTools.Tips.UnitTest.Adapter, Version=10.0.0.0, Culture=neutral, PublicKeyToken=b03f5f7f11d50a3a" className="Test.Vernam_Cipher.VernamKeyTest, Test.Vernam_Cipher, Version=1.0.0.0, Culture=neutral, PublicKeyToken=null" name="buildKeyTest" />
    </UnitTest>
    <UnitTest name="BytesToStringTest" storage="c:\users\steven\documents\visual studio 2010\projects\vernam_cipher\test.vernam_cipher\bin\debug\test.vernam_cipher.dll" id="24ced0ee-2afc-d307-c904-09722f463065">
      <DeploymentItems>
        <DeploymentItem filename="Vernam_Cipher.dll" />
      </DeploymentItems>
      <Execution id="f79934fa-bbd0-49e8-aa9d-abb1e5d6c209" />
      <TestMethod codeBase="c:/users/steven/documents/visual studio 2010/Projects/Vernam_Cipher/Test.Vernam_Cipher/bin/Debug/Test.Vernam_Cipher.DLL" adapterTypeName="Microsoft.VisualStudio.TestTools.TestTypes.Unit.UnitTestAdapter, Microsoft.VisualStudio.QualityTools.Tips.UnitTest.Adapter, Version=10.0.0.0, Culture=neutral, PublicKeyToken=b03f5f7f11d50a3a" className="Test.Vernam_Cipher.ByteToolsTest, Test.Vernam_Cipher, Version=1.0.0.0, Culture=neutral, PublicKeyToken=null" name="BytesToStringTest" />
    </UnitTest>
  </TestDefinitions>
  <TestLists>
    <TestList name="Results Not in a List" id="8c84fa94-04c1-424b-9868-57a2d4851a1d" />
    <TestList name="All Loaded Results" id="19431567-8539-422a-85d7-44ee4e166bda" />
  </TestLists>
  <TestEntries>
    <TestEntry testId="24ced0ee-2afc-d307-c904-09722f463065" executionId="f79934fa-bbd0-49e8-aa9d-abb1e5d6c209" testListId="8c84fa94-04c1-424b-9868-57a2d4851a1d" />
    <TestEntry testId="4ec9b746-38ca-5ecc-771f-e11dcf5b04b8" executionId="fa860411-e7d2-45aa-835b-5ede0f343618" testListId="8c84fa94-04c1-424b-9868-57a2d4851a1d" />
    <TestEntry testId="a0c57336-8487-8e25-3bed-af427e1cb3c8" executionId="aca0fb6f-9bda-4a3c-a152-3652d6ef0a8a" testListId="8c84fa94-04c1-424b-9868-57a2d4851a1d" />
    <TestEntry testId="e0494364-7c7e-611b-b166-7a5f9068d1cc" executionId="ab09fea1-1d4d-4504-89fb-7f2bdb8c482b" testListId="8c84fa94-04c1-424b-9868-57a2d4851a1d" />
  </TestEntries>
  <Results>
    <UnitTestResult executionId="f79934fa-bbd0-49e8-aa9d-abb1e5d6c209" testId="24ced0ee-2afc-d307-c904-09722f463065" testName="BytesToStringTest" computerName="2TAFFY" duration="00:00:00.0779588" startTime="2012-02-01T20:53:29.6539532-05:00" endTime="2012-02-01T20:53:32.9859844-05:00" testType="13cdc9d9-ddb5-4fa4-a97d-d965ccfc6d4b" outcome="Passed" testListId="8c84fa94-04c1-424b-9868-57a2d4851a1d" relativeResultsDirectory="f79934fa-bbd0-49e8-aa9d-abb1e5d6c209">
    </UnitTestResult>
    <UnitTestResult executionId="fa860411-e7d2-45aa-835b-5ede0f343618" testId="4ec9b746-38ca-5ecc-771f-e11dcf5b04b8" testName="StringToBytesTest" computerName="2TAFFY" duration="00:00:00.0062476" startTime="2012-02-01T20:53:33.0680157-05:00" endTime="2012-02-01T20:53:33.1109844-05:00" testType="13cdc9d9-ddb5-4fa4-a97d-d965ccfc6d4b" outcome="Passed" testListId="8c84fa94-04c1-424b-9868-57a2d4851a1d" relativeResultsDirectory="fa860411-e7d2-45aa-835b-5ede0f343618">
    </UnitTestResult>
    <UnitTestResult executionId="aca0fb6f-9bda-4a3c-a152-3652d6ef0a8a" testId="a0c57336-8487-8e25-3bed-af427e1cb3c8" testName="buildKeyTest" computerName="2TAFFY" duration="00:00:00.0061749" startTime="2012-02-01T20:53:33.1695782-05:00" endTime="2012-02-01T20:53:33.2213360-05:00" testType="13cdc9d9-ddb5-4fa4-a97d-d965ccfc6d4b" outcome="Passed" testListId="8c84fa94-04c1-424b-9868-57a2d4851a1d" relativeResultsDirectory="aca0fb6f-9bda-4a3c-a152-3652d6ef0a8a">
    </UnitTestResult>
    <UnitTestResult executionId="ab09fea1-1d4d-4504-89fb-7f2bdb8c482b" testId="e0494364-7c7e-611b-b166-7a5f9068d1cc" testName="XOR_byteArrayTest" computerName="2TAFFY" duration="00:00:00.0022919" startTime="2012-02-01T20:53:33.2984844-05:00" endTime="2012-02-01T20:53:33.3189922-05:00" testType="13cdc9d9-ddb5-4fa4-a97d-d965ccfc6d4b" outcome="Passed" testListId="8c84fa94-04c1-424b-9868-57a2d4851a1d" relativeResultsDirectory="ab09fea1-1d4d-4504-89fb-7f2bdb8c482b">
    </UnitTestResult>
  </Results>
</TestRun>