<?xml version="1.0" encoding="UTF-8"?>
<TestRun id="3336c216-21b9-4262-9db0-259634ed7cf9" name="Steven@2TAFFY 2012-02-01 18:22:12" runUser="2taffy\Steven" xmlns="http://microsoft.com/schemas/VisualStudio/TeamTest/2010">
  <TestSettings name="Local" id="ae084972-7a48-49a6-9636-c426b007afee">
    <Description>These are default test settings for a local test run.</Description>
    <Deployment enabled="false" runDeploymentRoot="Steven_2TAFFY 2012-02-01 18_22_12">
      <DeploymentItem filename="c:\users\steven\documents\visual studio 2010\Projects\Vernam_Cipher\Vernam_Cipher\bin\Debug\Vernam_Cipher.dll" />
    </Deployment>
    <Execution>
      <TestTypeSpecific />
      <AgentRule name="Execution Agents">
      </AgentRule>
    </Execution>
  </TestSettings>
  <Times creation="2012-02-01T18:22:12.4850078-05:00" queuing="2012-02-01T18:22:15.9361797-05:00" start="2012-02-01T18:22:16.2945782-05:00" finish="2012-02-01T18:22:19.9811016-05:00" />
  <ResultSummary outcome="Warning">
    <Counters total="1" executed="1" passed="1" error="0" failed="0" timeout="0" aborted="0" inconclusive="0" passedButRunAborted="0" notRunnable="0" notExecuted="0" disconnected="0" warning="0" completed="0" inProgress="0" pending="0" />
    <RunInfos>
      <RunInfo computerName="2TAFFY" outcome="Warning" timestamp="2012-02-01T18:22:12.5758282-05:00">
        <Text>Deployment is currently disabled. The deployment item 'Vernam_Cipher.dll' on test 'Test.Vernam_Cipher.VernamKeyTest.ToBytesTest' was not deployed.</Text>
      </RunInfo>
    </RunInfos>
  </ResultSummary>
  <TestDefinitions>
    <UnitTest name="ToBytesTest" storage="c:\users\steven\documents\visual studio 2010\projects\vernam_cipher\test.vernam_cipher\bin\debug\test.vernam_cipher.dll" id="8f73353e-be56-fdb3-5835-1066809eb278">
      <DeploymentItems>
        <DeploymentItem filename="Vernam_Cipher.dll" />
      </DeploymentItems>
      <Execution id="99c26cfa-36b0-4c3b-aa93-3e9f63bd56bc" />
      <TestMethod codeBase="c:/users/steven/documents/visual studio 2010/Projects/Vernam_Cipher/Test.Vernam_Cipher/bin/Debug/Test.Vernam_Cipher.DLL" adapterTypeName="Microsoft.VisualStudio.TestTools.TestTypes.Unit.UnitTestAdapter, Microsoft.VisualStudio.QualityTools.Tips.UnitTest.Adapter, Version=10.0.0.0, Culture=neutral, PublicKeyToken=b03f5f7f11d50a3a" className="Test.Vernam_Cipher.VernamKeyTest, Test.Vernam_Cipher, Version=1.0.0.0, Culture=neutral, PublicKeyToken=null" name="ToBytesTest" />
    </UnitTest>
  </TestDefinitions>
  <TestLists>
    <TestList name="Results Not in a List" id="8c84fa94-04c1-424b-9868-57a2d4851a1d" />
    <TestList name="All Loaded Results" id="19431567-8539-422a-85d7-44ee4e166bda" />
  </TestLists>
  <TestEntries>
    <TestEntry testId="8f73353e-be56-fdb3-5835-1066809eb278" executionId="99c26cfa-36b0-4c3b-aa93-3e9f63bd56bc" testListId="8c84fa94-04c1-424b-9868-57a2d4851a1d" />
  </TestEntries>
  <Results>
    <UnitTestResult executionId="99c26cfa-36b0-4c3b-aa93-3e9f63bd56bc" testId="8f73353e-be56-fdb3-5835-1066809eb278" testName="ToBytesTest" computerName="2TAFFY" duration="00:00:00.0687107" startTime="2012-02-01T18:22:16.3922344-05:00" endTime="2012-02-01T18:22:19.3980938-05:00" testType="13cdc9d9-ddb5-4fa4-a97d-d965ccfc6d4b" outcome="Passed" testListId="8c84fa94-04c1-424b-9868-57a2d4851a1d" relativeResultsDirectory="99c26cfa-36b0-4c3b-aa93-3e9f63bd56bc">
    </UnitTestResult>
  </Results>
</TestRun>